<?xml version="1.0" encoding="UTF-8"?>
<coverage generated="1521687075766" clover="3.2.0">
  <project timestamp="1521687075766" name="All files">
    <metrics statements="86" coveredstatements="74" conditionals="54" coveredconditionals="37" methods="5" coveredmethods="4" elements="145" coveredelements="115" complexity="0" loc="86" ncloc="86" packages="2" files="4" classes="4">
      <package name="src">
        <metrics statements="56" coveredstatements="44" conditionals="38" coveredconditionals="23" methods="3" coveredmethods="2"/>
        <file name="calendar.js" path="/Users/kitwang/Projects/vue-resource/vue-calendar/src/calendar.js">
          <metrics statements="47" coveredstatements="37" conditionals="36" coveredconditionals="22" methods="3" coveredmethods="2"/>
          <line num="8" count="1" type="stmt"/>
          <line num="11" count="6" type="stmt"/>
          <line num="36" count="4" type="cond" truecount="2" falsecount="0"/>
          <line num="50" count="6" type="stmt"/>
          <line num="53" count="6" type="stmt"/>
          <line num="54" count="6" type="stmt"/>
          <line num="56" count="6" type="cond" truecount="1" falsecount="1"/>
          <line num="58" count="6" type="stmt"/>
          <line num="63" count="6" type="stmt"/>
          <line num="64" count="6" type="stmt"/>
          <line num="66" count="6" type="cond" truecount="2" falsecount="0"/>
          <line num="68" count="6" type="stmt"/>
          <line num="69" count="217" type="stmt"/>
          <line num="70" count="217" type="cond" truecount="2" falsecount="0"/>
          <line num="71" count="42" type="stmt"/>
          <line num="72" count="84" type="cond" truecount="1" falsecount="1"/>
          <line num="76" count="0" type="stmt"/>
          <line num="79" count="175" type="cond" truecount="1" falsecount="1"/>
          <line num="80" count="0" type="stmt"/>
          <line num="81" count="0" type="stmt"/>
          <line num="88" count="217" type="stmt"/>
          <line num="100" count="217" type="stmt"/>
          <line num="103" count="6" type="stmt"/>
          <line num="108" count="0" type="cond" truecount="0" falsecount="4"/>
          <line num="109" count="0" type="stmt"/>
          <line num="110" count="0" type="stmt"/>
          <line num="113" count="0" type="stmt"/>
          <line num="116" count="0" type="stmt"/>
          <line num="121" count="0" type="cond" truecount="0" falsecount="2"/>
          <line num="128" count="1" type="stmt"/>
          <line num="133" count="1" type="cond" truecount="1" falsecount="1"/>
          <line num="140" count="217" type="stmt"/>
          <line num="141" count="217" type="stmt"/>
          <line num="142" count="217" type="stmt"/>
          <line num="145" count="217" type="cond" truecount="2" falsecount="0"/>
          <line num="146" count="217" type="cond" truecount="2" falsecount="0"/>
          <line num="148" count="217" type="cond" truecount="2" falsecount="0"/>
          <line num="154" count="217" type="cond" truecount="2" falsecount="0"/>
          <line num="161" count="217" type="stmt"/>
          <line num="171" count="5" type="cond" truecount="1" falsecount="1"/>
          <line num="182" count="4" type="cond" truecount="1" falsecount="1"/>
          <line num="184" count="4" type="cond" truecount="1" falsecount="1"/>
          <line num="185" count="4" type="stmt"/>
          <line num="195" count="5" type="stmt"/>
          <line num="199" count="0" type="stmt"/>
          <line num="203" count="4" type="stmt"/>
          <line num="214" count="6" type="stmt"/>
        </file>
        <file name="date-func.js" path="/Users/kitwang/Projects/vue-resource/vue-calendar/src/date-func.js">
          <metrics statements="9" coveredstatements="7" conditionals="2" coveredconditionals="1" methods="0" coveredmethods="0"/>
          <line num="4" count="6" type="stmt"/>
          <line num="6" count="6" type="stmt"/>
          <line num="7" count="6" type="stmt"/>
          <line num="10" count="6" type="stmt"/>
          <line num="12" count="6" type="cond" truecount="1" falsecount="1"/>
          <line num="15" count="0" type="stmt"/>
          <line num="19" count="6" type="stmt"/>
          <line num="20" count="6" type="stmt"/>
          <line num="23" count="0" type="stmt"/>
        </file>
      </package>
      <package name="src.components">
        <metrics statements="30" coveredstatements="30" conditionals="16" coveredconditionals="14" methods="2" coveredmethods="2"/>
        <file name="body.js" path="/Users/kitwang/Projects/vue-resource/vue-calendar/src/components/body.js">
          <metrics statements="18" coveredstatements="18" conditionals="10" coveredconditionals="8" methods="2" coveredmethods="2"/>
          <line num="4" count="6" type="stmt"/>
          <line num="5" count="6" type="cond" truecount="2" falsecount="0"/>
          <line num="6" count="6" type="stmt"/>
          <line num="8" count="6" type="stmt"/>
          <line num="9" count="42" type="cond" truecount="1" falsecount="1"/>
          <line num="11" count="42" type="stmt"/>
          <line num="20" count="6" type="stmt"/>
          <line num="29" count="6" type="stmt"/>
          <line num="30" count="6" type="stmt"/>
          <line num="32" count="6" type="stmt"/>
          <line num="33" count="217" type="stmt"/>
          <line num="45" count="217" type="stmt"/>
          <line num="47" count="217" type="cond" truecount="4" falsecount="0"/>
          <line num="48" count="31" type="stmt"/>
          <line num="49" count="31" type="stmt"/>
          <line num="53" count="6" type="stmt"/>
          <line num="62" count="37" type="stmt"/>
          <line num="69" count="37" type="stmt"/>
        </file>
        <file name="header.js" path="/Users/kitwang/Projects/vue-resource/vue-calendar/src/components/header.js">
          <metrics statements="12" coveredstatements="12" conditionals="6" coveredconditionals="6" methods="0" coveredmethods="0"/>
          <line num="4" count="6" type="cond" truecount="2" falsecount="0"/>
          <line num="5" count="1" type="stmt"/>
          <line num="8" count="1" type="stmt"/>
          <line num="11" count="1" type="stmt"/>
          <line num="13" count="5" type="stmt"/>
          <line num="19" count="6" type="stmt"/>
          <line num="30" count="6" type="stmt"/>
          <line num="41" count="6" type="stmt"/>
          <line num="49" count="6" type="stmt"/>
          <line num="58" count="6" type="stmt"/>
          <line num="66" count="6" type="stmt"/>
          <line num="74" count="6" type="stmt"/>
        </file>
      </package>
    </metrics>
  </project>
</coverage>
