{"/Users/kitwang/Projects/vue-resource/vue-calendar/src/calendar.js": {"path":"/Users/kitwang/Projects/vue-resource/vue-calendar/src/calendar.js","statementMap":{"0":{"start":{"line":8,"column":18},"end":{"line":8,"column":32}},"1":{"start":{"line":17,"column":21},"end":{"line":17,"column":23}},"2":{"start":{"line":35,"column":8},"end":{"line":35,"column":52}},"3":{"start":{"line":49,"column":6},"end":{"line":49,"column":41}},"4":{"start":{"line":52,"column":56},"end":{"line":52,"column":60}},"5":{"start":{"line":53,"column":6},"end":{"line":53,"column":33}},"6":{"start":{"line":53,"column":24},"end":{"line":53,"column":33}},"7":{"start":{"line":55,"column":31},"end":{"line":59,"column":7}},"8":{"start":{"line":60,"column":22},"end":{"line":60,"column":24}},"9":{"start":{"line":61,"column":16},"end":{"line":61,"column":17}},"10":{"start":{"line":63,"column":6},"end":{"line":63,"column":39}},"11":{"start":{"line":63,"column":32},"end":{"line":63,"column":39}},"12":{"start":{"line":65,"column":6},"end":{"line":86,"column":7}},"13":{"start":{"line":66,"column":21},"end":{"line":71,"column":10}},"14":{"start":{"line":67,"column":10},"end":{"line":70,"column":11}},"15":{"start":{"line":73,"column":8},"end":{"line":83,"column":10}},"16":{"start":{"line":85,"column":8},"end":{"line":85,"column":40}},"17":{"start":{"line":88,"column":6},"end":{"line":88,"column":22}},"18":{"start":{"line":93,"column":6},"end":{"line":96,"column":7}},"19":{"start":{"line":94,"column":8},"end":{"line":94,"column":39}},"20":{"start":{"line":95,"column":8},"end":{"line":95,"column":20}},"21":{"start":{"line":98,"column":6},"end":{"line":98,"column":28}},"22":{"start":{"line":101,"column":6},"end":{"line":104,"column":29}},"23":{"start":{"line":106,"column":6},"end":{"line":110,"column":10}},"24":{"start":{"line":113,"column":6},"end":{"line":116,"column":29}},"25":{"start":{"line":118,"column":6},"end":{"line":122,"column":10}},"26":{"start":{"line":125,"column":25},"end":{"line":125,"column":63}},"27":{"start":{"line":126,"column":26},"end":{"line":126,"column":31}},"28":{"start":{"line":127,"column":27},"end":{"line":127,"column":32}},"29":{"start":{"line":130,"column":8},"end":{"line":130,"column":63}},"30":{"start":{"line":131,"column":26},"end":{"line":131,"column":80}},"31":{"start":{"line":133,"column":6},"end":{"line":138,"column":10}},"32":{"start":{"line":139,"column":6},"end":{"line":144,"column":10}},"33":{"start":{"line":146,"column":6},"end":{"line":153,"column":7}},"34":{"start":{"line":156,"column":6},"end":{"line":160,"column":10}},"35":{"start":{"line":167,"column":8},"end":{"line":167,"column":58}},"36":{"start":{"line":169,"column":8},"end":{"line":171,"column":9}},"37":{"start":{"line":170,"column":10},"end":{"line":170,"column":26}},"38":{"start":{"line":180,"column":8},"end":{"line":180,"column":29}},"39":{"start":{"line":184,"column":6},"end":{"line":184,"column":27}},"40":{"start":{"line":188,"column":4},"end":{"line":196,"column":5}},"41":{"start":{"line":199,"column":4},"end":{"line":205,"column":5}}},"fnMap":{"0":{"name":"(anonymous_0)","decl":{"start":{"line":17,"column":15},"end":{"line":17,"column":16}},"loc":{"start":{"line":17,"column":21},"end":{"line":17,"column":23}},"line":17},"1":{"name":"(anonymous_1)","decl":{"start":{"line":66,"column":35},"end":{"line":66,"column":36}},"loc":{"start":{"line":66,"column":43},"end":{"line":71,"column":9}},"line":66}},"branchMap":{"0":{"loc":{"start":{"line":35,"column":15},"end":{"line":35,"column":52}},"type":"binary-expr","locations":[{"start":{"line":35,"column":15},"end":{"line":35,"column":32}},{"start":{"line":35,"column":36},"end":{"line":35,"column":52}}],"line":35},"1":{"loc":{"start":{"line":53,"column":6},"end":{"line":53,"column":33}},"type":"if","locations":[{"start":{"line":53,"column":6},"end":{"line":53,"column":33}},{"start":{"line":53,"column":6},"end":{"line":53,"column":33}}],"line":53},"2":{"loc":{"start":{"line":63,"column":6},"end":{"line":63,"column":39}},"type":"if","locations":[{"start":{"line":63,"column":6},"end":{"line":63,"column":39}},{"start":{"line":63,"column":6},"end":{"line":63,"column":39}}],"line":63},"3":{"loc":{"start":{"line":75,"column":16},"end":{"line":75,"column":26}},"type":"binary-expr","locations":[{"start":{"line":75,"column":16},"end":{"line":75,"column":20}},{"start":{"line":75,"column":24},"end":{"line":75,"column":26}}],"line":75},"4":{"loc":{"start":{"line":93,"column":6},"end":{"line":96,"column":7}},"type":"if","locations":[{"start":{"line":93,"column":6},"end":{"line":96,"column":7}},{"start":{"line":93,"column":6},"end":{"line":96,"column":7}}],"line":93},"5":{"loc":{"start":{"line":93,"column":10},"end":{"line":93,"column":94}},"type":"binary-expr","locations":[{"start":{"line":93,"column":10},"end":{"line":93,"column":34}},{"start":{"line":93,"column":38},"end":{"line":93,"column":94}}],"line":93},"6":{"loc":{"start":{"line":106,"column":6},"end":{"line":110,"column":10}},"type":"binary-expr","locations":[{"start":{"line":106,"column":6},"end":{"line":106,"column":17}},{"start":{"line":107,"column":8},"end":{"line":110,"column":10}}],"line":106},"7":{"loc":{"start":{"line":118,"column":6},"end":{"line":122,"column":10}},"type":"binary-expr","locations":[{"start":{"line":118,"column":6},"end":{"line":118,"column":17}},{"start":{"line":119,"column":8},"end":{"line":122,"column":10}}],"line":118},"8":{"loc":{"start":{"line":130,"column":8},"end":{"line":130,"column":63}},"type":"binary-expr","locations":[{"start":{"line":130,"column":8},"end":{"line":130,"column":19}},{"start":{"line":130,"column":23},"end":{"line":130,"column":63}}],"line":130},"9":{"loc":{"start":{"line":131,"column":26},"end":{"line":131,"column":80}},"type":"binary-expr","locations":[{"start":{"line":131,"column":26},"end":{"line":131,"column":37}},{"start":{"line":131,"column":41},"end":{"line":131,"column":80}}],"line":131},"10":{"loc":{"start":{"line":133,"column":6},"end":{"line":138,"column":10}},"type":"binary-expr","locations":[{"start":{"line":133,"column":6},"end":{"line":133,"column":17}},{"start":{"line":134,"column":9},"end":{"line":138,"column":9}}],"line":133},"11":{"loc":{"start":{"line":139,"column":6},"end":{"line":144,"column":10}},"type":"binary-expr","locations":[{"start":{"line":139,"column":6},"end":{"line":139,"column":17}},{"start":{"line":140,"column":9},"end":{"line":144,"column":9}}],"line":139},"12":{"loc":{"start":{"line":156,"column":6},"end":{"line":160,"column":10}},"type":"binary-expr","locations":[{"start":{"line":156,"column":6},"end":{"line":156,"column":24}},{"start":{"line":157,"column":8},"end":{"line":160,"column":10}}],"line":156},"13":{"loc":{"start":{"line":167,"column":26},"end":{"line":167,"column":58}},"type":"cond-expr","locations":[{"start":{"line":167,"column":32},"end":{"line":167,"column":45}},{"start":{"line":167,"column":48},"end":{"line":167,"column":58}}],"line":167},"14":{"loc":{"start":{"line":169,"column":8},"end":{"line":171,"column":9}},"type":"if","locations":[{"start":{"line":169,"column":8},"end":{"line":171,"column":9}},{"start":{"line":169,"column":8},"end":{"line":171,"column":9}}],"line":169}},"s":{"0":1,"1":3,"2":4,"3":6,"4":6,"5":6,"6":0,"7":6,"8":6,"9":6,"10":6,"11":1,"12":6,"13":217,"14":168,"15":217,"16":217,"17":6,"18":0,"19":0,"20":0,"21":0,"22":0,"23":0,"24":1,"25":1,"26":217,"27":217,"28":217,"29":217,"30":217,"31":217,"32":217,"33":217,"34":5,"35":4,"36":4,"37":4,"38":5,"39":0,"40":4,"41":6},"f":{"0":3,"1":168},"b":{"0":[4,1],"1":[0,6],"2":[1,5],"3":[217,217],"4":[0,0],"5":[0,0],"6":[0,0],"7":[1,0],"8":[217,62],"9":[217,62],"10":[217,12],"11":[217,50],"12":[5,0],"13":[4,0],"14":[4,0]},"_coverageSchema":"332fd63041d2c1bcb487cc26dd0d5f7d97098a6c","hash":"f29c261aa9adc23da440132a13a4204486f6ff7d"}
,"/Users/kitwang/Projects/vue-resource/vue-calendar/src/date-func.js": {"path":"/Users/kitwang/Projects/vue-resource/vue-calendar/src/date-func.js","statementMap":{"0":{"start":{"line":4,"column":6},"end":{"line":4,"column":35}},"1":{"start":{"line":6,"column":18},"end":{"line":6,"column":35}},"2":{"start":{"line":7,"column":22},"end":{"line":7,"column":54}},"3":{"start":{"line":10,"column":6},"end":{"line":10,"column":45}},"4":{"start":{"line":12,"column":6},"end":{"line":16,"column":7}},"5":{"start":{"line":15,"column":8},"end":{"line":15,"column":33}},"6":{"start":{"line":19,"column":6},"end":{"line":19,"column":33}},"7":{"start":{"line":20,"column":6},"end":{"line":20,"column":18}},"8":{"start":{"line":23,"column":6},"end":{"line":23,"column":56}}},"fnMap":{},"branchMap":{"0":{"loc":{"start":{"line":12,"column":6},"end":{"line":16,"column":7}},"type":"if","locations":[{"start":{"line":12,"column":6},"end":{"line":16,"column":7}},{"start":{"line":12,"column":6},"end":{"line":16,"column":7}}],"line":12}},"s":{"0":6,"1":6,"2":6,"3":6,"4":6,"5":0,"6":6,"7":6,"8":0},"f":{},"b":{"0":[0,6]},"_coverageSchema":"332fd63041d2c1bcb487cc26dd0d5f7d97098a6c","hash":"d4ca370418e8841bf4dc89613939678e9c4dc7cb"}
,"/Users/kitwang/Projects/vue-resource/vue-calendar/src/components/body.js": {"path":"/Users/kitwang/Projects/vue-resource/vue-calendar/src/components/body.js","statementMap":{"0":{"start":{"line":4,"column":23},"end":{"line":4,"column":53}},"1":{"start":{"line":5,"column":24},"end":{"line":5,"column":74}},"2":{"start":{"line":6,"column":17},"end":{"line":6,"column":34}},"3":{"start":{"line":8,"column":23},"end":{"line":18,"column":8}},"4":{"start":{"line":9,"column":8},"end":{"line":9,"column":33}},"5":{"start":{"line":9,"column":25},"end":{"line":9,"column":33}},"6":{"start":{"line":11,"column":8},"end":{"line":17,"column":9}},"7":{"start":{"line":20,"column":6},"end":{"line":26,"column":7}},"8":{"start":{"line":29,"column":20},"end":{"line":29,"column":38}},"9":{"start":{"line":30,"column":20},"end":{"line":30,"column":22}},"10":{"start":{"line":32,"column":6},"end":{"line":51,"column":8}},"11":{"start":{"line":33,"column":21},"end":{"line":43,"column":9}},"12":{"start":{"line":45,"column":8},"end":{"line":45,"column":35}},"13":{"start":{"line":47,"column":8},"end":{"line":50,"column":9}},"14":{"start":{"line":48,"column":10},"end":{"line":48,"column":31}},"15":{"start":{"line":49,"column":10},"end":{"line":49,"column":38}},"16":{"start":{"line":53,"column":6},"end":{"line":59,"column":7}},"17":{"start":{"line":62,"column":22},"end":{"line":68,"column":7}},"18":{"start":{"line":69,"column":6},"end":{"line":69,"column":20}}},"fnMap":{"0":{"name":"(anonymous_0)","decl":{"start":{"line":8,"column":37},"end":{"line":8,"column":38}},"loc":{"start":{"line":8,"column":45},"end":{"line":18,"column":7}},"line":8},"1":{"name":"(anonymous_1)","decl":{"start":{"line":32,"column":25},"end":{"line":32,"column":26}},"loc":{"start":{"line":32,"column":42},"end":{"line":51,"column":7}},"line":32}},"branchMap":{"0":{"loc":{"start":{"line":5,"column":24},"end":{"line":5,"column":74}},"type":"binary-expr","locations":[{"start":{"line":5,"column":24},"end":{"line":5,"column":42}},{"start":{"line":5,"column":46},"end":{"line":5,"column":74}}],"line":5},"1":{"loc":{"start":{"line":9,"column":8},"end":{"line":9,"column":33}},"type":"if","locations":[{"start":{"line":9,"column":8},"end":{"line":9,"column":33}},{"start":{"line":9,"column":8},"end":{"line":9,"column":33}}],"line":9},"2":{"loc":{"start":{"line":39,"column":12},"end":{"line":41,"column":35}},"type":"cond-expr","locations":[{"start":{"line":40,"column":16},"end":{"line":40,"column":47}},{"start":{"line":41,"column":16},"end":{"line":41,"column":35}}],"line":39},"3":{"loc":{"start":{"line":47,"column":8},"end":{"line":50,"column":9}},"type":"if","locations":[{"start":{"line":47,"column":8},"end":{"line":50,"column":9}},{"start":{"line":47,"column":8},"end":{"line":50,"column":9}}],"line":47},"4":{"loc":{"start":{"line":47,"column":12},"end":{"line":47,"column":50}},"type":"binary-expr","locations":[{"start":{"line":47,"column":12},"end":{"line":47,"column":25}},{"start":{"line":47,"column":29},"end":{"line":47,"column":50}}],"line":47}},"s":{"0":6,"1":6,"2":6,"3":6,"4":42,"5":0,"6":42,"7":6,"8":6,"9":6,"10":6,"11":217,"12":217,"13":217,"14":31,"15":31,"16":6,"17":37,"18":37},"f":{"0":42,"1":217},"b":{"0":[6,6],"1":[0,42],"2":[0,217],"3":[31,186],"4":[217,205]},"_coverageSchema":"332fd63041d2c1bcb487cc26dd0d5f7d97098a6c","hash":"87db95cd891c020c7f4d33214baf29d31dca9121"}
,"/Users/kitwang/Projects/vue-resource/vue-calendar/src/components/header.js": {"path":"/Users/kitwang/Projects/vue-resource/vue-calendar/src/components/header.js","statementMap":{"0":{"start":{"line":4,"column":6},"end":{"line":14,"column":7}},"1":{"start":{"line":5,"column":25},"end":{"line":7,"column":31}},"2":{"start":{"line":8,"column":23},"end":{"line":10,"column":31}},"3":{"start":{"line":11,"column":8},"end":{"line":11,"column":40}},"4":{"start":{"line":13,"column":8},"end":{"line":13,"column":62}},"5":{"start":{"line":19,"column":26},"end":{"line":28,"column":7}},"6":{"start":{"line":30,"column":26},"end":{"line":39,"column":7}},"7":{"start":{"line":41,"column":23},"end":{"line":47,"column":7}},"8":{"start":{"line":49,"column":6},"end":{"line":55,"column":7}},"9":{"start":{"line":58,"column":25},"end":{"line":64,"column":7}},"10":{"start":{"line":66,"column":26},"end":{"line":72,"column":7}},"11":{"start":{"line":74,"column":6},"end":{"line":80,"column":7}}},"fnMap":{},"branchMap":{"0":{"loc":{"start":{"line":4,"column":6},"end":{"line":14,"column":7}},"type":"if","locations":[{"start":{"line":4,"column":6},"end":{"line":14,"column":7}},{"start":{"line":4,"column":6},"end":{"line":14,"column":7}}],"line":4},"1":{"loc":{"start":{"line":27,"column":9},"end":{"line":27,"column":29}},"type":"binary-expr","locations":[{"start":{"line":27,"column":9},"end":{"line":27,"column":22}},{"start":{"line":27,"column":26},"end":{"line":27,"column":29}}],"line":27},"2":{"loc":{"start":{"line":38,"column":9},"end":{"line":38,"column":29}},"type":"binary-expr","locations":[{"start":{"line":38,"column":9},"end":{"line":38,"column":22}},{"start":{"line":38,"column":26},"end":{"line":38,"column":29}}],"line":38}},"s":{"0":6,"1":1,"2":1,"3":1,"4":5,"5":6,"6":6,"7":6,"8":6,"9":6,"10":6,"11":6},"f":{},"b":{"0":[1,5],"1":[6,6],"2":[6,6]},"_coverageSchema":"332fd63041d2c1bcb487cc26dd0d5f7d97098a6c","hash":"781abaea8ba26707c43e70b0df5443ef8da972ae"}
}
