{"/Users/kit/Projects/vue-resource/vue2-event-calendar/src/calendar.js": {"path":"/Users/kit/Projects/vue-resource/vue2-event-calendar/src/calendar.js","statementMap":{"0":{"start":{"line":8,"column":18},"end":{"line":8,"column":32}},"1":{"start":{"line":11,"column":2},"end":{"line":11,"column":45}},"2":{"start":{"line":36,"column":8},"end":{"line":36,"column":52}},"3":{"start":{"line":50,"column":6},"end":{"line":50,"column":36}},"4":{"start":{"line":53,"column":56},"end":{"line":53,"column":60}},"5":{"start":{"line":54,"column":23},"end":{"line":54,"column":42}},"6":{"start":{"line":56,"column":6},"end":{"line":56,"column":33}},"7":{"start":{"line":56,"column":24},"end":{"line":56,"column":33}},"8":{"start":{"line":58,"column":31},"end":{"line":62,"column":7}},"9":{"start":{"line":63,"column":22},"end":{"line":63,"column":24}},"10":{"start":{"line":64,"column":16},"end":{"line":64,"column":17}},"11":{"start":{"line":66,"column":6},"end":{"line":66,"column":39}},"12":{"start":{"line":66,"column":32},"end":{"line":66,"column":39}},"13":{"start":{"line":68,"column":6},"end":{"line":101,"column":7}},"14":{"start":{"line":69,"column":19},"end":{"line":69,"column":21}},"15":{"start":{"line":70,"column":8},"end":{"line":86,"column":9}},"16":{"start":{"line":71,"column":10},"end":{"line":78,"column":12}},"17":{"start":{"line":72,"column":12},"end":{"line":77,"column":13}},"18":{"start":{"line":76,"column":14},"end":{"line":76,"column":39}},"19":{"start":{"line":79,"column":15},"end":{"line":86,"column":9}},"20":{"start":{"line":80,"column":10},"end":{"line":85,"column":12}},"21":{"start":{"line":81,"column":12},"end":{"line":84,"column":13}},"22":{"start":{"line":88,"column":8},"end":{"line":98,"column":10}},"23":{"start":{"line":100,"column":8},"end":{"line":100,"column":40}},"24":{"start":{"line":103,"column":6},"end":{"line":103,"column":22}},"25":{"start":{"line":108,"column":6},"end":{"line":111,"column":7}},"26":{"start":{"line":109,"column":8},"end":{"line":109,"column":39}},"27":{"start":{"line":110,"column":8},"end":{"line":110,"column":20}},"28":{"start":{"line":113,"column":6},"end":{"line":113,"column":28}},"29":{"start":{"line":116,"column":6},"end":{"line":119,"column":29}},"30":{"start":{"line":121,"column":6},"end":{"line":125,"column":10}},"31":{"start":{"line":128,"column":6},"end":{"line":131,"column":29}},"32":{"start":{"line":133,"column":6},"end":{"line":137,"column":10}},"33":{"start":{"line":140,"column":25},"end":{"line":140,"column":63}},"34":{"start":{"line":141,"column":26},"end":{"line":141,"column":31}},"35":{"start":{"line":142,"column":27},"end":{"line":142,"column":32}},"36":{"start":{"line":145,"column":8},"end":{"line":145,"column":63}},"37":{"start":{"line":146,"column":26},"end":{"line":146,"column":80}},"38":{"start":{"line":148,"column":6},"end":{"line":153,"column":10}},"39":{"start":{"line":154,"column":6},"end":{"line":159,"column":10}},"40":{"start":{"line":161,"column":6},"end":{"line":168,"column":7}},"41":{"start":{"line":171,"column":6},"end":{"line":175,"column":10}},"42":{"start":{"line":182,"column":8},"end":{"line":182,"column":58}},"43":{"start":{"line":184,"column":8},"end":{"line":186,"column":9}},"44":{"start":{"line":185,"column":10},"end":{"line":185,"column":26}},"45":{"start":{"line":195,"column":8},"end":{"line":195,"column":29}},"46":{"start":{"line":199,"column":6},"end":{"line":199,"column":27}},"47":{"start":{"line":203,"column":4},"end":{"line":210,"column":5}},"48":{"start":{"line":213,"column":4},"end":{"line":219,"column":5}}},"fnMap":{"0":{"name":"checkType","decl":{"start":{"line":10,"column":9},"end":{"line":10,"column":18}},"loc":{"start":{"line":10,"column":25},"end":{"line":12,"column":1}},"line":10},"1":{"name":"(anonymous_1)","decl":{"start":{"line":71,"column":40},"end":{"line":71,"column":41}},"loc":{"start":{"line":71,"column":48},"end":{"line":78,"column":11}},"line":71},"2":{"name":"(anonymous_2)","decl":{"start":{"line":80,"column":33},"end":{"line":80,"column":34}},"loc":{"start":{"line":80,"column":41},"end":{"line":85,"column":11}},"line":80}},"branchMap":{"0":{"loc":{"start":{"line":36,"column":15},"end":{"line":36,"column":52}},"type":"binary-expr","locations":[{"start":{"line":36,"column":15},"end":{"line":36,"column":32}},{"start":{"line":36,"column":36},"end":{"line":36,"column":52}}],"line":36},"1":{"loc":{"start":{"line":56,"column":6},"end":{"line":56,"column":33}},"type":"if","locations":[{"start":{"line":56,"column":6},"end":{"line":56,"column":33}},{"start":{"line":56,"column":6},"end":{"line":56,"column":33}}],"line":56},"2":{"loc":{"start":{"line":66,"column":6},"end":{"line":66,"column":39}},"type":"if","locations":[{"start":{"line":66,"column":6},"end":{"line":66,"column":39}},{"start":{"line":66,"column":6},"end":{"line":66,"column":39}}],"line":66},"3":{"loc":{"start":{"line":70,"column":8},"end":{"line":86,"column":9}},"type":"if","locations":[{"start":{"line":70,"column":8},"end":{"line":86,"column":9}},{"start":{"line":70,"column":8},"end":{"line":86,"column":9}}],"line":70},"4":{"loc":{"start":{"line":72,"column":12},"end":{"line":77,"column":13}},"type":"if","locations":[{"start":{"line":72,"column":12},"end":{"line":77,"column":13}},{"start":{"line":72,"column":12},"end":{"line":77,"column":13}}],"line":72},"5":{"loc":{"start":{"line":79,"column":15},"end":{"line":86,"column":9}},"type":"if","locations":[{"start":{"line":79,"column":15},"end":{"line":86,"column":9}},{"start":{"line":79,"column":15},"end":{"line":86,"column":9}}],"line":79},"6":{"loc":{"start":{"line":90,"column":16},"end":{"line":90,"column":26}},"type":"binary-expr","locations":[{"start":{"line":90,"column":16},"end":{"line":90,"column":20}},{"start":{"line":90,"column":24},"end":{"line":90,"column":26}}],"line":90},"7":{"loc":{"start":{"line":108,"column":6},"end":{"line":111,"column":7}},"type":"if","locations":[{"start":{"line":108,"column":6},"end":{"line":111,"column":7}},{"start":{"line":108,"column":6},"end":{"line":111,"column":7}}],"line":108},"8":{"loc":{"start":{"line":108,"column":10},"end":{"line":108,"column":94}},"type":"binary-expr","locations":[{"start":{"line":108,"column":10},"end":{"line":108,"column":34}},{"start":{"line":108,"column":38},"end":{"line":108,"column":94}}],"line":108},"9":{"loc":{"start":{"line":121,"column":6},"end":{"line":125,"column":10}},"type":"binary-expr","locations":[{"start":{"line":121,"column":6},"end":{"line":121,"column":17}},{"start":{"line":122,"column":8},"end":{"line":125,"column":10}}],"line":121},"10":{"loc":{"start":{"line":133,"column":6},"end":{"line":137,"column":10}},"type":"binary-expr","locations":[{"start":{"line":133,"column":6},"end":{"line":133,"column":17}},{"start":{"line":134,"column":8},"end":{"line":137,"column":10}}],"line":133},"11":{"loc":{"start":{"line":145,"column":8},"end":{"line":145,"column":63}},"type":"binary-expr","locations":[{"start":{"line":145,"column":8},"end":{"line":145,"column":19}},{"start":{"line":145,"column":23},"end":{"line":145,"column":63}}],"line":145},"12":{"loc":{"start":{"line":146,"column":26},"end":{"line":146,"column":80}},"type":"binary-expr","locations":[{"start":{"line":146,"column":26},"end":{"line":146,"column":37}},{"start":{"line":146,"column":41},"end":{"line":146,"column":80}}],"line":146},"13":{"loc":{"start":{"line":148,"column":6},"end":{"line":153,"column":10}},"type":"binary-expr","locations":[{"start":{"line":148,"column":6},"end":{"line":148,"column":17}},{"start":{"line":149,"column":9},"end":{"line":153,"column":9}}],"line":148},"14":{"loc":{"start":{"line":154,"column":6},"end":{"line":159,"column":10}},"type":"binary-expr","locations":[{"start":{"line":154,"column":6},"end":{"line":154,"column":17}},{"start":{"line":155,"column":9},"end":{"line":159,"column":9}}],"line":154},"15":{"loc":{"start":{"line":171,"column":6},"end":{"line":175,"column":10}},"type":"binary-expr","locations":[{"start":{"line":171,"column":6},"end":{"line":171,"column":24}},{"start":{"line":172,"column":8},"end":{"line":175,"column":10}}],"line":171},"16":{"loc":{"start":{"line":182,"column":26},"end":{"line":182,"column":58}},"type":"cond-expr","locations":[{"start":{"line":182,"column":32},"end":{"line":182,"column":45}},{"start":{"line":182,"column":48},"end":{"line":182,"column":58}}],"line":182},"17":{"loc":{"start":{"line":184,"column":8},"end":{"line":186,"column":9}},"type":"if","locations":[{"start":{"line":184,"column":8},"end":{"line":186,"column":9}},{"start":{"line":184,"column":8},"end":{"line":186,"column":9}}],"line":184}},"s":{"0":1,"1":6,"2":4,"3":6,"4":6,"5":6,"6":6,"7":0,"8":6,"9":6,"10":6,"11":6,"12":1,"13":6,"14":217,"15":217,"16":42,"17":84,"18":0,"19":175,"20":0,"21":0,"22":217,"23":217,"24":6,"25":0,"26":0,"27":0,"28":0,"29":1,"30":1,"31":1,"32":1,"33":217,"34":217,"35":217,"36":217,"37":217,"38":217,"39":217,"40":217,"41":6,"42":4,"43":4,"44":4,"45":6,"46":0,"47":4,"48":6},"f":{"0":6,"1":84,"2":0},"b":{"0":[4,1],"1":[0,6],"2":[1,5],"3":[42,175],"4":[0,84],"5":[0,175],"6":[217,0],"7":[0,0],"8":[0,0],"9":[1,0],"10":[1,0],"11":[217,59],"12":[217,59],"13":[217,9],"14":[217,50],"15":[6,0],"16":[4,0],"17":[4,0]},"_coverageSchema":"332fd63041d2c1bcb487cc26dd0d5f7d97098a6c","hash":"c43dbbe0e661f59f7958f1406feaf46f97e56c55"}
,"/Users/kit/Projects/vue-resource/vue2-event-calendar/src/date-func.js": {"path":"/Users/kit/Projects/vue-resource/vue2-event-calendar/src/date-func.js","statementMap":{"0":{"start":{"line":4,"column":2},"end":{"line":4,"column":31}},"1":{"start":{"line":6,"column":14},"end":{"line":6,"column":26}},"2":{"start":{"line":7,"column":18},"end":{"line":7,"column":45}},"3":{"start":{"line":10,"column":2},"end":{"line":10,"column":41}},"4":{"start":{"line":12,"column":2},"end":{"line":16,"column":3}},"5":{"start":{"line":15,"column":4},"end":{"line":15,"column":29}},"6":{"start":{"line":19,"column":2},"end":{"line":19,"column":29}},"7":{"start":{"line":20,"column":2},"end":{"line":20,"column":14}},"8":{"start":{"line":24,"column":2},"end":{"line":24,"column":52}}},"fnMap":{"0":{"name":"getMonthViewStartDay","decl":{"start":{"line":3,"column":16},"end":{"line":3,"column":36}},"loc":{"start":{"line":3,"column":59},"end":{"line":21,"column":1}},"line":3},"1":{"name":"getMonthViewEndDay","decl":{"start":{"line":23,"column":16},"end":{"line":23,"column":34}},"loc":{"start":{"line":23,"column":41},"end":{"line":25,"column":1}},"line":23}},"branchMap":{"0":{"loc":{"start":{"line":12,"column":2},"end":{"line":16,"column":3}},"type":"if","locations":[{"start":{"line":12,"column":2},"end":{"line":16,"column":3}},{"start":{"line":12,"column":2},"end":{"line":16,"column":3}}],"line":12}},"s":{"0":6,"1":6,"2":6,"3":6,"4":6,"5":0,"6":6,"7":6,"8":0},"f":{"0":6,"1":0},"b":{"0":[0,6]},"_coverageSchema":"332fd63041d2c1bcb487cc26dd0d5f7d97098a6c","hash":"6c8e6841bed046930257f0ab3cffce9899ef943f"}
,"/Users/kit/Projects/vue-resource/vue2-event-calendar/src/components/body.js": {"path":"/Users/kit/Projects/vue-resource/vue2-event-calendar/src/components/body.js","statementMap":{"0":{"start":{"line":4,"column":23},"end":{"line":4,"column":53}},"1":{"start":{"line":5,"column":24},"end":{"line":5,"column":74}},"2":{"start":{"line":6,"column":17},"end":{"line":6,"column":34}},"3":{"start":{"line":8,"column":23},"end":{"line":18,"column":8}},"4":{"start":{"line":9,"column":8},"end":{"line":9,"column":33}},"5":{"start":{"line":9,"column":25},"end":{"line":9,"column":33}},"6":{"start":{"line":11,"column":8},"end":{"line":17,"column":9}},"7":{"start":{"line":20,"column":6},"end":{"line":26,"column":7}},"8":{"start":{"line":29,"column":20},"end":{"line":29,"column":38}},"9":{"start":{"line":30,"column":20},"end":{"line":30,"column":22}},"10":{"start":{"line":32,"column":6},"end":{"line":51,"column":8}},"11":{"start":{"line":33,"column":21},"end":{"line":43,"column":9}},"12":{"start":{"line":45,"column":8},"end":{"line":45,"column":35}},"13":{"start":{"line":47,"column":8},"end":{"line":50,"column":9}},"14":{"start":{"line":48,"column":10},"end":{"line":48,"column":31}},"15":{"start":{"line":49,"column":10},"end":{"line":49,"column":38}},"16":{"start":{"line":53,"column":6},"end":{"line":59,"column":7}},"17":{"start":{"line":62,"column":22},"end":{"line":68,"column":7}},"18":{"start":{"line":69,"column":6},"end":{"line":69,"column":20}}},"fnMap":{"0":{"name":"(anonymous_0)","decl":{"start":{"line":8,"column":37},"end":{"line":8,"column":38}},"loc":{"start":{"line":8,"column":45},"end":{"line":18,"column":7}},"line":8},"1":{"name":"(anonymous_1)","decl":{"start":{"line":32,"column":25},"end":{"line":32,"column":26}},"loc":{"start":{"line":32,"column":42},"end":{"line":51,"column":7}},"line":32}},"branchMap":{"0":{"loc":{"start":{"line":5,"column":24},"end":{"line":5,"column":74}},"type":"binary-expr","locations":[{"start":{"line":5,"column":24},"end":{"line":5,"column":42}},{"start":{"line":5,"column":46},"end":{"line":5,"column":74}}],"line":5},"1":{"loc":{"start":{"line":9,"column":8},"end":{"line":9,"column":33}},"type":"if","locations":[{"start":{"line":9,"column":8},"end":{"line":9,"column":33}},{"start":{"line":9,"column":8},"end":{"line":9,"column":33}}],"line":9},"2":{"loc":{"start":{"line":39,"column":12},"end":{"line":41,"column":35}},"type":"cond-expr","locations":[{"start":{"line":40,"column":16},"end":{"line":40,"column":47}},{"start":{"line":41,"column":16},"end":{"line":41,"column":35}}],"line":39},"3":{"loc":{"start":{"line":47,"column":8},"end":{"line":50,"column":9}},"type":"if","locations":[{"start":{"line":47,"column":8},"end":{"line":50,"column":9}},{"start":{"line":47,"column":8},"end":{"line":50,"column":9}}],"line":47},"4":{"loc":{"start":{"line":47,"column":12},"end":{"line":47,"column":50}},"type":"binary-expr","locations":[{"start":{"line":47,"column":12},"end":{"line":47,"column":25}},{"start":{"line":47,"column":29},"end":{"line":47,"column":50}}],"line":47}},"s":{"0":6,"1":6,"2":6,"3":6,"4":42,"5":0,"6":42,"7":6,"8":6,"9":6,"10":6,"11":217,"12":217,"13":217,"14":31,"15":31,"16":6,"17":37,"18":37},"f":{"0":42,"1":217},"b":{"0":[6,6],"1":[0,42],"2":[0,217],"3":[31,186],"4":[217,205]},"_coverageSchema":"332fd63041d2c1bcb487cc26dd0d5f7d97098a6c","hash":"ce3de8dda7a758794c9dec2c952e0d274ee9c61d"}
,"/Users/kit/Projects/vue-resource/vue2-event-calendar/src/components/header.js": {"path":"/Users/kit/Projects/vue-resource/vue2-event-calendar/src/components/header.js","statementMap":{"0":{"start":{"line":9,"column":6},"end":{"line":19,"column":7}},"1":{"start":{"line":10,"column":25},"end":{"line":12,"column":31}},"2":{"start":{"line":13,"column":23},"end":{"line":15,"column":31}},"3":{"start":{"line":16,"column":8},"end":{"line":16,"column":40}},"4":{"start":{"line":18,"column":8},"end":{"line":18,"column":57}},"5":{"start":{"line":24,"column":26},"end":{"line":33,"column":7}},"6":{"start":{"line":35,"column":26},"end":{"line":44,"column":7}},"7":{"start":{"line":46,"column":23},"end":{"line":52,"column":7}},"8":{"start":{"line":54,"column":6},"end":{"line":54,"column":30}},"9":{"start":{"line":55,"column":6},"end":{"line":69,"column":7}},"10":{"start":{"line":56,"column":8},"end":{"line":60,"column":10}},"11":{"start":{"line":62,"column":8},"end":{"line":68,"column":9}},"12":{"start":{"line":72,"column":25},"end":{"line":78,"column":7}},"13":{"start":{"line":80,"column":26},"end":{"line":86,"column":7}},"14":{"start":{"line":88,"column":6},"end":{"line":94,"column":7}}},"fnMap":{},"branchMap":{"0":{"loc":{"start":{"line":9,"column":6},"end":{"line":19,"column":7}},"type":"if","locations":[{"start":{"line":9,"column":6},"end":{"line":19,"column":7}},{"start":{"line":9,"column":6},"end":{"line":19,"column":7}}],"line":9},"1":{"loc":{"start":{"line":32,"column":9},"end":{"line":32,"column":29}},"type":"binary-expr","locations":[{"start":{"line":32,"column":9},"end":{"line":32,"column":22}},{"start":{"line":32,"column":26},"end":{"line":32,"column":29}}],"line":32},"2":{"loc":{"start":{"line":43,"column":9},"end":{"line":43,"column":29}},"type":"binary-expr","locations":[{"start":{"line":43,"column":9},"end":{"line":43,"column":22}},{"start":{"line":43,"column":26},"end":{"line":43,"column":29}}],"line":43},"3":{"loc":{"start":{"line":55,"column":6},"end":{"line":69,"column":7}},"type":"if","locations":[{"start":{"line":55,"column":6},"end":{"line":69,"column":7}},{"start":{"line":55,"column":6},"end":{"line":69,"column":7}}],"line":55}},"s":{"0":6,"1":1,"2":1,"3":1,"4":5,"5":6,"6":6,"7":6,"8":6,"9":6,"10":0,"11":6,"12":6,"13":6,"14":6},"f":{},"b":{"0":[1,5],"1":[6,6],"2":[6,6],"3":[0,6]},"_coverageSchema":"332fd63041d2c1bcb487cc26dd0d5f7d97098a6c","hash":"4860280951c798fc2cfbfc3cd3c35913aee81368"}
}
