TN:
SF:/Users/kitwang/Projects/vue-resource/vue-calendar/src/calendar.js
FN:17,(anonymous_0)
FN:66,(anonymous_1)
FNF:2
FNH:2
FNDA:3,(anonymous_0)
FNDA:168,(anonymous_1)
DA:8,1
DA:17,3
DA:35,4
DA:49,6
DA:52,6
DA:53,6
DA:55,6
DA:60,6
DA:61,6
DA:63,6
DA:65,6
DA:66,217
DA:67,168
DA:73,217
DA:85,217
DA:88,6
DA:93,0
DA:94,0
DA:95,0
DA:98,0
DA:101,0
DA:106,0
DA:113,1
DA:118,1
DA:125,217
DA:126,217
DA:127,217
DA:130,217
DA:131,217
DA:133,217
DA:139,217
DA:146,217
DA:156,5
DA:167,4
DA:169,4
DA:170,4
DA:180,5
DA:184,0
DA:188,4
DA:199,6
LF:40
LH:33
BRDA:35,0,0,4
BRDA:35,0,1,1
BRDA:53,1,0,0
BRDA:53,1,1,6
BRDA:63,2,0,1
BRDA:63,2,1,5
BRDA:75,3,0,217
BRDA:75,3,1,217
BRDA:93,4,0,0
BRDA:93,4,1,0
BRDA:93,5,0,0
BRDA:93,5,1,0
BRDA:106,6,0,0
BRDA:106,6,1,0
BRDA:118,7,0,1
BRDA:118,7,1,0
BRDA:130,8,0,217
BRDA:130,8,1,62
BRDA:131,9,0,217
BRDA:131,9,1,62
BRDA:133,10,0,217
BRDA:133,10,1,12
BRDA:139,11,0,217
BRDA:139,11,1,50
BRDA:156,12,0,5
BRDA:156,12,1,0
BRDA:167,13,0,4
BRDA:167,13,1,0
BRDA:169,14,0,4
BRDA:169,14,1,0
BRF:30
BRH:19
end_of_record
TN:
SF:/Users/kitwang/Projects/vue-resource/vue-calendar/src/date-func.js
FNF:0
FNH:0
DA:4,6
DA:6,6
DA:7,6
DA:10,6
DA:12,6
DA:15,0
DA:19,6
DA:20,6
DA:23,0
LF:9
LH:7
BRDA:12,0,0,0
BRDA:12,0,1,6
BRF:2
BRH:1
end_of_record
TN:
SF:/Users/kitwang/Projects/vue-resource/vue-calendar/src/components/body.js
FN:8,(anonymous_0)
FN:32,(anonymous_1)
FNF:2
FNH:2
FNDA:42,(anonymous_0)
FNDA:217,(anonymous_1)
DA:4,6
DA:5,6
DA:6,6
DA:8,6
DA:9,42
DA:11,42
DA:20,6
DA:29,6
DA:30,6
DA:32,6
DA:33,217
DA:45,217
DA:47,217
DA:48,31
DA:49,31
DA:53,6
DA:62,37
DA:69,37
LF:18
LH:18
BRDA:5,0,0,6
BRDA:5,0,1,6
BRDA:9,1,0,0
BRDA:9,1,1,42
BRDA:39,2,0,0
BRDA:39,2,1,217
BRDA:47,3,0,31
BRDA:47,3,1,186
BRDA:47,4,0,217
BRDA:47,4,1,205
BRF:10
BRH:8
end_of_record
TN:
SF:/Users/kitwang/Projects/vue-resource/vue-calendar/src/components/header.js
FNF:0
FNH:0
DA:4,6
DA:5,1
DA:8,1
DA:11,1
DA:13,5
DA:19,6
DA:30,6
DA:41,6
DA:49,6
DA:58,6
DA:66,6
DA:74,6
LF:12
LH:12
BRDA:4,0,0,1
BRDA:4,0,1,5
BRDA:27,1,0,6
BRDA:27,1,1,6
BRDA:38,2,0,6
BRDA:38,2,1,6
BRF:6
BRH:6
end_of_record
