TN:
SF:E:\proj\vue2-event-calendar\src\calendar.js
FN:10,checkType
FN:71,(anonymous_1)
FN:80,(anonymous_2)
FNF:3
FNH:2
FNDA:6,checkType
FNDA:84,(anonymous_1)
FNDA:0,(anonymous_2)
DA:8,1
DA:11,6
DA:36,4
DA:50,6
DA:53,6
DA:54,6
DA:56,6
DA:58,6
DA:63,6
DA:64,6
DA:66,6
DA:68,6
DA:69,217
DA:70,217
DA:71,42
DA:72,84
DA:76,0
DA:79,175
DA:80,0
DA:81,0
DA:88,217
DA:100,217
DA:103,6
DA:108,0
DA:109,0
DA:110,0
DA:113,0
DA:116,1
DA:121,1
DA:128,1
DA:133,1
DA:140,217
DA:141,217
DA:142,217
DA:145,217
DA:146,217
DA:148,217
DA:154,217
DA:161,217
DA:171,6
DA:182,4
DA:184,4
DA:185,4
DA:195,6
DA:199,0
DA:203,4
DA:213,6
LF:47
LH:39
BRDA:36,0,0,4
BRDA:36,0,1,1
BRDA:56,1,0,0
BRDA:56,1,1,6
BRDA:66,2,0,1
BRDA:66,2,1,5
BRDA:70,3,0,42
BRDA:70,3,1,175
BRDA:72,4,0,0
BRDA:72,4,1,84
BRDA:79,5,0,0
BRDA:79,5,1,175
BRDA:90,6,0,217
BRDA:90,6,1,0
BRDA:108,7,0,0
BRDA:108,7,1,0
BRDA:108,8,0,0
BRDA:108,8,1,0
BRDA:121,9,0,1
BRDA:121,9,1,0
BRDA:133,10,0,1
BRDA:133,10,1,0
BRDA:145,11,0,217
BRDA:145,11,1,59
BRDA:146,12,0,217
BRDA:146,12,1,59
BRDA:148,13,0,217
BRDA:148,13,1,9
BRDA:154,14,0,217
BRDA:154,14,1,50
BRDA:171,15,0,6
BRDA:171,15,1,0
BRDA:182,16,0,4
BRDA:182,16,1,0
BRDA:184,17,0,4
BRDA:184,17,1,0
BRF:36
BRH:23
end_of_record
TN:
SF:E:\proj\vue2-event-calendar\src\date-func.js
FN:3,getMonthViewStartDay
FN:23,getMonthViewEndDay
FNF:2
FNH:1
FNDA:6,getMonthViewStartDay
FNDA:0,getMonthViewEndDay
DA:4,6
DA:6,6
DA:7,6
DA:10,6
DA:12,6
DA:15,0
DA:19,6
DA:20,6
DA:24,0
LF:9
LH:7
BRDA:12,0,0,0
BRDA:12,0,1,6
BRF:2
BRH:1
end_of_record
TN:
SF:E:\proj\vue2-event-calendar\src\components\body.js
FN:8,(anonymous_0)
FN:32,(anonymous_1)
FNF:2
FNH:2
FNDA:42,(anonymous_0)
FNDA:217,(anonymous_1)
DA:4,6
DA:5,6
DA:6,6
DA:8,6
DA:9,42
DA:11,42
DA:20,6
DA:29,6
DA:30,6
DA:32,6
DA:33,217
DA:45,217
DA:47,217
DA:48,31
DA:49,31
DA:53,6
DA:62,37
DA:69,37
LF:18
LH:18
BRDA:5,0,0,6
BRDA:5,0,1,6
BRDA:9,1,0,0
BRDA:9,1,1,42
BRDA:39,2,0,0
BRDA:39,2,1,217
BRDA:47,3,0,31
BRDA:47,3,1,186
BRDA:47,4,0,217
BRDA:47,4,1,205
BRF:10
BRH:8
end_of_record
TN:
SF:E:\proj\vue2-event-calendar\src\components\header.js
FNF:0
FNH:0
DA:9,6
DA:10,1
DA:13,1
DA:16,1
DA:18,5
DA:24,6
DA:35,6
DA:46,6
DA:54,6
DA:55,0
DA:61,6
DA:71,6
DA:79,6
DA:87,6
LF:14
LH:13
BRDA:9,0,0,1
BRDA:9,0,1,5
BRDA:32,1,0,6
BRDA:32,1,1,6
BRDA:43,2,0,6
BRDA:43,2,1,6
BRDA:54,3,0,0
BRDA:54,3,1,6
BRF:8
BRH:7
end_of_record
